{"/Users/carlos.mengel/Documents/concepts/mrcarromesa/react/reactjs/create_next_app/ignews/src/components/ActiveLink/index.tsx": {"path":"/Users/carlos.mengel/Documents/concepts/mrcarromesa/react/reactjs/create_next_app/ignews/src/components/ActiveLink/index.tsx","statementMap":{"0":{"start":{"line":10,"column":46},"end":{"line":25,"column":1}},"1":{"start":{"line":11,"column":21},"end":{"line":11,"column":32}},"2":{"start":{"line":14,"column":20},"end":{"line":16,"column":14}},"3":{"start":{"line":15,"column":4},"end":{"line":15,"column":55}},"4":{"start":{"line":18,"column":2},"end":{"line":24,"column":4}}},"fnMap":{"0":{"name":"(anonymous_0)","decl":{"start":{"line":10,"column":46},"end":{"line":10,"column":47}},"loc":{"start":{"line":10,"column":90},"end":{"line":25,"column":1}},"line":10},"1":{"name":"(anonymous_1)","decl":{"start":{"line":14,"column":28},"end":{"line":14,"column":29}},"loc":{"start":{"line":14,"column":34},"end":{"line":16,"column":3}},"line":14}},"branchMap":{"0":{"loc":{"start":{"line":15,"column":11},"end":{"line":15,"column":54}},"type":"cond-expr","locations":[{"start":{"line":15,"column":34},"end":{"line":15,"column":49}},{"start":{"line":15,"column":52},"end":{"line":15,"column":54}}],"line":15}},"s":{"0":2,"1":4,"2":4,"3":4,"4":4},"f":{"0":4,"1":4},"b":{"0":[3,1]},"_coverageSchema":"1a1c01bbd47fc00a2c39e90264f33305004495a9","hash":"f5e570fc33f7e951818e2d7c13a1a8bbd5679ef6"}
,"/Users/carlos.mengel/Documents/concepts/mrcarromesa/react/reactjs/create_next_app/ignews/src/components/Async/index.tsx": {"path":"/Users/carlos.mengel/Documents/concepts/mrcarromesa/react/reactjs/create_next_app/ignews/src/components/Async/index.tsx","statementMap":{"0":{"start":{"line":4,"column":48},"end":{"line":4,"column":63}},"1":{"start":{"line":6,"column":2},"end":{"line":10,"column":9}},"2":{"start":{"line":7,"column":4},"end":{"line":9,"column":13}},"3":{"start":{"line":8,"column":6},"end":{"line":8,"column":30}},"4":{"start":{"line":12,"column":2},"end":{"line":17,"column":3}}},"fnMap":{"0":{"name":"Async","decl":{"start":{"line":3,"column":16},"end":{"line":3,"column":21}},"loc":{"start":{"line":3,"column":25},"end":{"line":18,"column":1}},"line":3},"1":{"name":"(anonymous_1)","decl":{"start":{"line":6,"column":12},"end":{"line":6,"column":13}},"loc":{"start":{"line":6,"column":18},"end":{"line":10,"column":3}},"line":6},"2":{"name":"(anonymous_2)","decl":{"start":{"line":7,"column":15},"end":{"line":7,"column":16}},"loc":{"start":{"line":7,"column":21},"end":{"line":9,"column":5}},"line":7}},"branchMap":{"0":{"loc":{"start":{"line":15,"column":8},"end":{"line":15,"column":50}},"type":"binary-expr","locations":[{"start":{"line":15,"column":8},"end":{"line":15,"column":23}},{"start":{"line":15,"column":27},"end":{"line":15,"column":50}}],"line":15}},"s":{"0":2,"1":2,"2":1,"3":1,"4":2},"f":{"0":2,"1":1,"2":1},"b":{"0":[2,1]},"_coverageSchema":"1a1c01bbd47fc00a2c39e90264f33305004495a9","hash":"e17f4f26959bb7743e9c5ea62bc6f40248bed1a7"}
,"/Users/carlos.mengel/Documents/concepts/mrcarromesa/react/reactjs/create_next_app/ignews/src/components/Header/index.tsx": {"path":"/Users/carlos.mengel/Documents/concepts/mrcarromesa/react/reactjs/create_next_app/ignews/src/components/Header/index.tsx","statementMap":{"0":{"start":{"line":5,"column":32},"end":{"line":22,"column":1}},"1":{"start":{"line":6,"column":2},"end":{"line":21,"column":4}}},"fnMap":{"0":{"name":"(anonymous_0)","decl":{"start":{"line":5,"column":32},"end":{"line":5,"column":33}},"loc":{"start":{"line":5,"column":38},"end":{"line":22,"column":1}},"line":5}},"branchMap":{},"s":{"0":1,"1":1},"f":{"0":1},"b":{},"_coverageSchema":"1a1c01bbd47fc00a2c39e90264f33305004495a9","hash":"31aa20e9eb4095302f79fdb9cc1fd76f65b32ecb"}
,"/Users/carlos.mengel/Documents/concepts/mrcarromesa/react/reactjs/create_next_app/ignews/src/components/SigninButton/index.tsx": {"path":"/Users/carlos.mengel/Documents/concepts/mrcarromesa/react/reactjs/create_next_app/ignews/src/components/SigninButton/index.tsx","statementMap":{"0":{"start":{"line":7,"column":31},"end":{"line":34,"column":1}},"1":{"start":{"line":9,"column":27},"end":{"line":9,"column":39}},"2":{"start":{"line":10,"column":2},"end":{"line":10,"column":20}},"3":{"start":{"line":11,"column":2},"end":{"line":11,"column":22}},"4":{"start":{"line":12,"column":25},"end":{"line":12,"column":51}},"5":{"start":{"line":14,"column":2},"end":{"line":33,"column":4}},"6":{"start":{"line":18,"column":21},"end":{"line":18,"column":30}},"7":{"start":{"line":28,"column":21},"end":{"line":28,"column":37}}},"fnMap":{"0":{"name":"(anonymous_0)","decl":{"start":{"line":7,"column":31},"end":{"line":7,"column":32}},"loc":{"start":{"line":7,"column":37},"end":{"line":34,"column":1}},"line":7},"1":{"name":"(anonymous_1)","decl":{"start":{"line":18,"column":15},"end":{"line":18,"column":16}},"loc":{"start":{"line":18,"column":21},"end":{"line":18,"column":30}},"line":18},"2":{"name":"(anonymous_2)","decl":{"start":{"line":28,"column":15},"end":{"line":28,"column":16}},"loc":{"start":{"line":28,"column":21},"end":{"line":28,"column":37}},"line":28}},"branchMap":{"0":{"loc":{"start":{"line":14,"column":9},"end":{"line":33,"column":3}},"type":"cond-expr","locations":[{"start":{"line":15,"column":4},"end":{"line":23,"column":13}},{"start":{"line":25,"column":4},"end":{"line":32,"column":13}}],"line":14}},"s":{"0":2,"1":3,"2":3,"3":3,"4":3,"5":3,"6":0,"7":0},"f":{"0":3,"1":0,"2":0},"b":{"0":[1,2]},"_coverageSchema":"1a1c01bbd47fc00a2c39e90264f33305004495a9","hash":"9ef8d2aa60177713a0cc2b4257048a03f144baa8"}
,"/Users/carlos.mengel/Documents/concepts/mrcarromesa/react/reactjs/create_next_app/ignews/src/components/SubscribeButton/index.tsx": {"path":"/Users/carlos.mengel/Documents/concepts/mrcarromesa/react/reactjs/create_next_app/ignews/src/components/SubscribeButton/index.tsx","statementMap":{"0":{"start":{"line":8,"column":34},"end":{"line":60,"column":1}},"1":{"start":{"line":10,"column":27},"end":{"line":10,"column":39}},"2":{"start":{"line":11,"column":17},"end":{"line":11,"column":28}},"3":{"start":{"line":13,"column":26},"end":{"line":49,"column":14}},"4":{"start":{"line":14,"column":4},"end":{"line":14,"column":24}},"5":{"start":{"line":15,"column":4},"end":{"line":19,"column":5}},"6":{"start":{"line":17,"column":6},"end":{"line":17,"column":23}},"7":{"start":{"line":18,"column":6},"end":{"line":18,"column":13}},"8":{"start":{"line":20,"column":4},"end":{"line":20,"column":32}},"9":{"start":{"line":22,"column":4},"end":{"line":25,"column":5}},"10":{"start":{"line":23,"column":6},"end":{"line":23,"column":28}},"11":{"start":{"line":24,"column":6},"end":{"line":24,"column":13}},"12":{"start":{"line":27,"column":4},"end":{"line":47,"column":5}},"13":{"start":{"line":28,"column":23},"end":{"line":28,"column":51}},"14":{"start":{"line":30,"column":28},"end":{"line":30,"column":32}},"15":{"start":{"line":32,"column":6},"end":{"line":32,"column":41}},"16":{"start":{"line":35,"column":6},"end":{"line":42,"column":15}},"17":{"start":{"line":36,"column":23},"end":{"line":36,"column":42}},"18":{"start":{"line":38,"column":8},"end":{"line":40,"column":11}},"19":{"start":{"line":41,"column":8},"end":{"line":41,"column":21}},"20":{"start":{"line":46,"column":6},"end":{"line":46,"column":25}},"21":{"start":{"line":51,"column":2},"end":{"line":59,"column":4}}},"fnMap":{"0":{"name":"(anonymous_0)","decl":{"start":{"line":8,"column":34},"end":{"line":8,"column":35}},"loc":{"start":{"line":8,"column":40},"end":{"line":60,"column":1}},"line":8},"1":{"name":"(anonymous_1)","decl":{"start":{"line":13,"column":38},"end":{"line":13,"column":39}},"loc":{"start":{"line":13,"column":50},"end":{"line":49,"column":3}},"line":13},"2":{"name":"(anonymous_2)","decl":{"start":{"line":35,"column":17},"end":{"line":35,"column":18}},"loc":{"start":{"line":35,"column":29},"end":{"line":42,"column":7}},"line":35}},"branchMap":{"0":{"loc":{"start":{"line":15,"column":4},"end":{"line":19,"column":5}},"type":"if","locations":[{"start":{"line":15,"column":4},"end":{"line":19,"column":5}},{"start":{},"end":{}}],"line":15},"1":{"loc":{"start":{"line":22,"column":4},"end":{"line":25,"column":5}},"type":"if","locations":[{"start":{"line":22,"column":4},"end":{"line":25,"column":5}},{"start":{},"end":{}}],"line":22}},"s":{"0":2,"1":4,"2":4,"3":4,"4":2,"5":2,"6":1,"7":1,"8":1,"9":1,"10":1,"11":1,"12":0,"13":0,"14":0,"15":0,"16":0,"17":0,"18":0,"19":0,"20":0,"21":4},"f":{"0":4,"1":2,"2":0},"b":{"0":[1,1],"1":[1,0]},"_coverageSchema":"1a1c01bbd47fc00a2c39e90264f33305004495a9","hash":"4d81d1bef0ac124a37bec04dcd703384cf26fa3b"}
,"/Users/carlos.mengel/Documents/concepts/mrcarromesa/react/reactjs/create_next_app/ignews/src/pages/index.tsx": {"path":"/Users/carlos.mengel/Documents/concepts/mrcarromesa/react/reactjs/create_next_app/ignews/src/pages/index.tsx","statementMap":{"0":{"start":{"line":16,"column":2},"end":{"line":32,"column":3}},"1":{"start":{"line":57,"column":46},"end":{"line":78,"column":1}},"2":{"start":{"line":58,"column":16},"end":{"line":60,"column":4}},"3":{"start":{"line":63,"column":18},"end":{"line":69,"column":3}},"4":{"start":{"line":71,"column":2},"end":{"line":76,"column":3}}},"fnMap":{"0":{"name":"Home","decl":{"start":{"line":15,"column":24},"end":{"line":15,"column":28}},"loc":{"start":{"line":15,"column":54},"end":{"line":33,"column":1}},"line":15},"1":{"name":"(anonymous_1)","decl":{"start":{"line":57,"column":46},"end":{"line":57,"column":47}},"loc":{"start":{"line":57,"column":58},"end":{"line":78,"column":1}},"line":57}},"branchMap":{},"s":{"0":1,"1":1,"2":1,"3":1,"4":1},"f":{"0":1,"1":1},"b":{},"_coverageSchema":"1a1c01bbd47fc00a2c39e90264f33305004495a9","hash":"257147c3db75f902348969abfc1dd5599e653bd7"}
,"/Users/carlos.mengel/Documents/concepts/mrcarromesa/react/reactjs/create_next_app/ignews/src/pages/posts/My.tsx": {"path":"/Users/carlos.mengel/Documents/concepts/mrcarromesa/react/reactjs/create_next_app/ignews/src/pages/posts/My.tsx","statementMap":{"0":{"start":{"line":18,"column":34},"end":{"line":34,"column":1}},"1":{"start":{"line":19,"column":2},"end":{"line":33,"column":4}},"2":{"start":{"line":38,"column":54},"end":{"line":73,"column":1}},"3":{"start":{"line":39,"column":18},"end":{"line":39,"column":43}},"4":{"start":{"line":40,"column":18},"end":{"line":40,"column":24}},"5":{"start":{"line":42,"column":2},"end":{"line":49,"column":3}},"6":{"start":{"line":43,"column":4},"end":{"line":48,"column":5}},"7":{"start":{"line":52,"column":18},"end":{"line":52,"column":39}},"8":{"start":{"line":54,"column":19},"end":{"line":54,"column":74}},"9":{"start":{"line":56,"column":15},"end":{"line":65,"column":3}},"10":{"start":{"line":67,"column":2},"end":{"line":71,"column":3}}},"fnMap":{"0":{"name":"(anonymous_0)","decl":{"start":{"line":18,"column":34},"end":{"line":18,"column":35}},"loc":{"start":{"line":18,"column":48},"end":{"line":34,"column":1}},"line":18},"1":{"name":"(anonymous_1)","decl":{"start":{"line":38,"column":54},"end":{"line":38,"column":55}},"loc":{"start":{"line":38,"column":81},"end":{"line":73,"column":1}},"line":38}},"branchMap":{"0":{"loc":{"start":{"line":42,"column":2},"end":{"line":49,"column":3}},"type":"if","locations":[{"start":{"line":42,"column":2},"end":{"line":49,"column":3}},{"start":{},"end":{}}],"line":42}},"s":{"0":0,"1":0,"2":0,"3":0,"4":0,"5":0,"6":0,"7":0,"8":0,"9":0,"10":0},"f":{"0":0,"1":0},"b":{"0":[0,0]}}
,"/Users/carlos.mengel/Documents/concepts/mrcarromesa/react/reactjs/create_next_app/ignews/src/pages/posts/[slug].tsx": {"path":"/Users/carlos.mengel/Documents/concepts/mrcarromesa/react/reactjs/create_next_app/ignews/src/pages/posts/[slug].tsx","statementMap":{"0":{"start":{"line":18,"column":34},"end":{"line":34,"column":1}},"1":{"start":{"line":19,"column":2},"end":{"line":33,"column":4}},"2":{"start":{"line":38,"column":54},"end":{"line":73,"column":1}},"3":{"start":{"line":39,"column":18},"end":{"line":39,"column":43}},"4":{"start":{"line":40,"column":18},"end":{"line":40,"column":24}},"5":{"start":{"line":42,"column":2},"end":{"line":49,"column":3}},"6":{"start":{"line":43,"column":4},"end":{"line":48,"column":5}},"7":{"start":{"line":52,"column":18},"end":{"line":52,"column":39}},"8":{"start":{"line":54,"column":19},"end":{"line":54,"column":74}},"9":{"start":{"line":56,"column":15},"end":{"line":65,"column":3}},"10":{"start":{"line":67,"column":2},"end":{"line":71,"column":3}}},"fnMap":{"0":{"name":"(anonymous_0)","decl":{"start":{"line":18,"column":34},"end":{"line":18,"column":35}},"loc":{"start":{"line":18,"column":48},"end":{"line":34,"column":1}},"line":18},"1":{"name":"(anonymous_1)","decl":{"start":{"line":38,"column":54},"end":{"line":38,"column":55}},"loc":{"start":{"line":38,"column":81},"end":{"line":73,"column":1}},"line":38}},"branchMap":{"0":{"loc":{"start":{"line":42,"column":2},"end":{"line":49,"column":3}},"type":"if","locations":[{"start":{"line":42,"column":2},"end":{"line":49,"column":3}},{"start":{},"end":{}}],"line":42}},"s":{"0":1,"1":1,"2":1,"3":2,"4":2,"5":2,"6":1,"7":1,"8":1,"9":1,"10":1},"f":{"0":1,"1":2},"b":{"0":[1,1]},"_coverageSchema":"1a1c01bbd47fc00a2c39e90264f33305004495a9","hash":"28bdb26ad1d94d666c5912004a9bcdfce6683128"}
,"/Users/carlos.mengel/Documents/concepts/mrcarromesa/react/reactjs/create_next_app/ignews/src/pages/posts/index.tsx": {"path":"/Users/carlos.mengel/Documents/concepts/mrcarromesa/react/reactjs/create_next_app/ignews/src/pages/posts/index.tsx","statementMap":{"0":{"start":{"line":22,"column":36},"end":{"line":44,"column":1}},"1":{"start":{"line":23,"column":2},"end":{"line":43,"column":4}},"2":{"start":{"line":32,"column":12},"end":{"line":38,"column":19}},"3":{"start":{"line":48,"column":46},"end":{"line":77,"column":1}},"4":{"start":{"line":49,"column":18},"end":{"line":49,"column":36}},"5":{"start":{"line":52,"column":19},"end":{"line":57,"column":3}},"6":{"start":{"line":59,"column":16},"end":{"line":70,"column":4}},"7":{"start":{"line":60,"column":4},"end":{"line":69,"column":5}},"8":{"start":{"line":63,"column":49},"end":{"line":63,"column":77}},"9":{"start":{"line":72,"column":2},"end":{"line":76,"column":3}}},"fnMap":{"0":{"name":"(anonymous_0)","decl":{"start":{"line":22,"column":36},"end":{"line":22,"column":37}},"loc":{"start":{"line":22,"column":51},"end":{"line":44,"column":1}},"line":22},"1":{"name":"(anonymous_1)","decl":{"start":{"line":31,"column":21},"end":{"line":31,"column":22}},"loc":{"start":{"line":32,"column":12},"end":{"line":38,"column":19}},"line":32},"2":{"name":"(anonymous_2)","decl":{"start":{"line":48,"column":46},"end":{"line":48,"column":47}},"loc":{"start":{"line":48,"column":58},"end":{"line":77,"column":1}},"line":48},"3":{"name":"(anonymous_3)","decl":{"start":{"line":59,"column":37},"end":{"line":59,"column":38}},"loc":{"start":{"line":59,"column":45},"end":{"line":70,"column":3}},"line":59},"4":{"name":"(anonymous_4)","decl":{"start":{"line":63,"column":38},"end":{"line":63,"column":39}},"loc":{"start":{"line":63,"column":49},"end":{"line":63,"column":77}},"line":63}},"branchMap":{"0":{"loc":{"start":{"line":63,"column":15},"end":{"line":63,"column":90}},"type":"binary-expr","locations":[{"start":{"line":63,"column":15},"end":{"line":63,"column":84}},{"start":{"line":63,"column":88},"end":{"line":63,"column":90}}],"line":63}},"s":{"0":1,"1":1,"2":1,"3":1,"4":1,"5":1,"6":1,"7":1,"8":1,"9":1},"f":{"0":1,"1":1,"2":1,"3":1,"4":1},"b":{"0":[1,0]},"_coverageSchema":"1a1c01bbd47fc00a2c39e90264f33305004495a9","hash":"a9a4821bcc13632d3d7dfa6cbbecc2786f479ea5"}
,"/Users/carlos.mengel/Documents/concepts/mrcarromesa/react/reactjs/create_next_app/ignews/src/pages/posts/preview/[slug].tsx": {"path":"/Users/carlos.mengel/Documents/concepts/mrcarromesa/react/reactjs/create_next_app/ignews/src/pages/posts/preview/[slug].tsx","statementMap":{"0":{"start":{"line":21,"column":48},"end":{"line":54,"column":1}},"1":{"start":{"line":22,"column":19},"end":{"line":22,"column":31}},"2":{"start":{"line":23,"column":17},"end":{"line":23,"column":28}},"3":{"start":{"line":26,"column":2},"end":{"line":30,"column":21}},"4":{"start":{"line":27,"column":4},"end":{"line":29,"column":5}},"5":{"start":{"line":28,"column":6},"end":{"line":28,"column":40}},"6":{"start":{"line":32,"column":2},"end":{"line":53,"column":4}},"7":{"start":{"line":58,"column":46},"end":{"line":63,"column":1}},"8":{"start":{"line":59,"column":2},"end":{"line":62,"column":3}},"9":{"start":{"line":65,"column":46},"end":{"line":91,"column":1}},"10":{"start":{"line":67,"column":19},"end":{"line":67,"column":25}},"11":{"start":{"line":69,"column":18},"end":{"line":69,"column":36}},"12":{"start":{"line":71,"column":19},"end":{"line":71,"column":74}},"13":{"start":{"line":73,"column":15},"end":{"line":82,"column":3}},"14":{"start":{"line":84,"column":2},"end":{"line":89,"column":3}}},"fnMap":{"0":{"name":"(anonymous_0)","decl":{"start":{"line":21,"column":48},"end":{"line":21,"column":49}},"loc":{"start":{"line":21,"column":62},"end":{"line":54,"column":1}},"line":21},"1":{"name":"(anonymous_1)","decl":{"start":{"line":26,"column":12},"end":{"line":26,"column":13}},"loc":{"start":{"line":26,"column":18},"end":{"line":30,"column":3}},"line":26},"2":{"name":"(anonymous_2)","decl":{"start":{"line":58,"column":46},"end":{"line":58,"column":47}},"loc":{"start":{"line":58,"column":58},"end":{"line":63,"column":1}},"line":58},"3":{"name":"(anonymous_3)","decl":{"start":{"line":65,"column":46},"end":{"line":65,"column":47}},"loc":{"start":{"line":65,"column":68},"end":{"line":91,"column":1}},"line":65}},"branchMap":{"0":{"loc":{"start":{"line":27,"column":4},"end":{"line":29,"column":5}},"type":"if","locations":[{"start":{"line":27,"column":4},"end":{"line":29,"column":5}},{"start":{},"end":{}}],"line":27}},"s":{"0":1,"1":2,"2":2,"3":2,"4":2,"5":1,"6":2,"7":1,"8":0,"9":1,"10":1,"11":1,"12":1,"13":1,"14":1},"f":{"0":2,"1":2,"2":0,"3":1},"b":{"0":[1,1]},"_coverageSchema":"1a1c01bbd47fc00a2c39e90264f33305004495a9","hash":"fa787308fb11b77d175d7f9cec2ea8f110d68588"}
}
