TN:
SF:src/components/ActiveLink/index.tsx
FN:10,(anonymous_0)
FN:14,(anonymous_1)
FNF:2
FNH:2
FNDA:4,(anonymous_0)
FNDA:4,(anonymous_1)
DA:10,2
DA:11,4
DA:14,4
DA:15,4
DA:18,4
LF:5
LH:5
BRDA:15,0,0,3
BRDA:15,0,1,1
BRF:2
BRH:2
end_of_record
TN:
SF:src/components/Async/index.tsx
FN:3,Async
FN:6,(anonymous_1)
FN:7,(anonymous_2)
FNF:3
FNH:3
FNDA:2,Async
FNDA:1,(anonymous_1)
FNDA:1,(anonymous_2)
DA:4,2
DA:6,2
DA:7,1
DA:8,1
DA:12,2
LF:5
LH:5
BRDA:15,0,0,2
BRDA:15,0,1,1
BRF:2
BRH:2
end_of_record
TN:
SF:src/components/Header/index.tsx
FN:5,(anonymous_0)
FNF:1
FNH:1
FNDA:1,(anonymous_0)
DA:5,1
DA:6,1
LF:2
LH:2
BRF:0
BRH:0
end_of_record
TN:
SF:src/components/SigninButton/index.tsx
FN:7,(anonymous_0)
FN:18,(anonymous_1)
FN:28,(anonymous_2)
FNF:3
FNH:1
FNDA:3,(anonymous_0)
FNDA:0,(anonymous_1)
FNDA:0,(anonymous_2)
DA:7,2
DA:9,3
DA:10,3
DA:11,3
DA:12,3
DA:14,3
DA:18,0
DA:28,0
LF:8
LH:6
BRDA:14,0,0,1
BRDA:14,0,1,2
BRF:2
BRH:2
end_of_record
TN:
SF:src/components/SubscribeButton/index.tsx
FN:8,(anonymous_0)
FN:13,(anonymous_1)
FN:35,(anonymous_2)
FNF:3
FNH:2
FNDA:4,(anonymous_0)
FNDA:2,(anonymous_1)
FNDA:0,(anonymous_2)
DA:8,2
DA:10,4
DA:11,4
DA:13,4
DA:14,2
DA:15,2
DA:17,1
DA:18,1
DA:20,1
DA:22,1
DA:23,1
DA:24,1
DA:27,0
DA:28,0
DA:30,0
DA:32,0
DA:35,0
DA:36,0
DA:38,0
DA:41,0
DA:46,0
DA:51,4
LF:22
LH:13
BRDA:15,0,0,1
BRDA:15,0,1,1
BRDA:22,1,0,1
BRDA:22,1,1,0
BRF:4
BRH:3
end_of_record
TN:
SF:src/pages/index.tsx
FN:15,Home
FN:57,(anonymous_1)
FNF:2
FNH:2
FNDA:1,Home
FNDA:1,(anonymous_1)
DA:16,1
DA:57,1
DA:58,1
DA:63,1
DA:71,1
LF:5
LH:5
BRF:0
BRH:0
end_of_record
TN:
SF:src/pages/posts/My.tsx
FN:18,(anonymous_0)
FN:38,(anonymous_1)
FNF:2
FNH:0
FNDA:0,(anonymous_0)
FNDA:0,(anonymous_1)
DA:18,0
DA:19,0
DA:38,0
DA:39,0
DA:40,0
DA:42,0
DA:43,0
DA:52,0
DA:54,0
DA:56,0
DA:67,0
LF:11
LH:0
BRDA:42,0,0,0
BRDA:42,0,1,0
BRF:2
BRH:0
end_of_record
TN:
SF:src/pages/posts/[slug].tsx
FN:18,(anonymous_0)
FN:38,(anonymous_1)
FNF:2
FNH:2
FNDA:1,(anonymous_0)
FNDA:2,(anonymous_1)
DA:18,1
DA:19,1
DA:38,1
DA:39,2
DA:40,2
DA:42,2
DA:43,1
DA:52,1
DA:54,1
DA:56,1
DA:67,1
LF:11
LH:11
BRDA:42,0,0,1
BRDA:42,0,1,1
BRF:2
BRH:2
end_of_record
TN:
SF:src/pages/posts/index.tsx
FN:22,(anonymous_0)
FN:31,(anonymous_1)
FN:48,(anonymous_2)
FN:59,(anonymous_3)
FN:63,(anonymous_4)
FNF:5
FNH:5
FNDA:1,(anonymous_0)
FNDA:1,(anonymous_1)
FNDA:1,(anonymous_2)
FNDA:1,(anonymous_3)
FNDA:1,(anonymous_4)
DA:22,1
DA:23,1
DA:32,1
DA:48,1
DA:49,1
DA:52,1
DA:59,1
DA:60,1
DA:63,1
DA:72,1
LF:10
LH:10
BRDA:63,0,0,1
BRDA:63,0,1,0
BRF:2
BRH:1
end_of_record
TN:
SF:src/pages/posts/preview/[slug].tsx
FN:21,(anonymous_0)
FN:26,(anonymous_1)
FN:58,(anonymous_2)
FN:65,(anonymous_3)
FNF:4
FNH:3
FNDA:2,(anonymous_0)
FNDA:2,(anonymous_1)
FNDA:0,(anonymous_2)
FNDA:1,(anonymous_3)
DA:21,1
DA:22,2
DA:23,2
DA:26,2
DA:27,2
DA:28,1
DA:32,2
DA:58,1
DA:59,0
DA:65,1
DA:67,1
DA:69,1
DA:71,1
DA:73,1
DA:84,1
LF:15
LH:14
BRDA:27,0,0,1
BRDA:27,0,1,1
BRF:2
BRH:2
end_of_record
